<?xml version="1.0" encoding="UTF-8"?>
<!-- Generated by org.testng.reporters.JUnitReportReporter -->
<testsuite hostname="DESKTOP-K0ONJ7J" failures="0" tests="2" name="SeleniumInteractions.Navigation" time="24.778" errors="0" timestamp="2024-12-03T14:16:36 IST" skipped="0">
  <testcase classname="SeleniumInteractions.Navigation" name="Windowhandle" time="8.201"/>
  <system-out/>
  <testcase classname="SeleniumInteractions.Navigation" name="Navigate" time="16.577"/>
  <system-out/>
</testsuite> <!-- SeleniumInteractions.Navigation -->
