<?xml version="1.0" encoding="UTF-8"?>
<!-- Generated by org.testng.reporters.JUnitReportReporter -->
<testsuite hostname="DESKTOP-K0ONJ7J" failures="0" tests="1" name="SeleniumInteractions.Waits" time="36.409" errors="0" timestamp="2024-12-05T14:52:31 IST" skipped="0">
  <testcase classname="SeleniumInteractions.Waits" name="Waits_" time="36.409"/>
  <system-out/>
</testsuite> <!-- SeleniumInteractions.Waits -->
