<?xml version="1.0" encoding="UTF-8"?>
<!-- Generated by org.testng.reporters.JUnitReportReporter -->
<testsuite hostname="DESKTOP-K0ONJ7J" failures="0" tests="1" name="PrcticeAllInteraction.FileploadFile" time="6.669" errors="0" timestamp="2024-12-03T16:50:51 IST" skipped="0">
  <testcase classname="PrcticeAllInteraction.FileploadFile" name="uploadFile" time="6.669"/>
  <system-out/>
</testsuite> <!-- PrcticeAllInteraction.FileploadFile -->
