<?xml version="1.0" encoding="UTF-8"?>
<!-- Generated by org.testng.reporters.JUnitReportReporter -->
<testsuite hostname="DESKTOP-K0ONJ7J" failures="0" tests="1" name="PrcticeAllInteraction.Navigatetion" time="7.892" errors="0" timestamp="2025-03-01T18:25:13 IST" skipped="0">
  <testcase classname="PrcticeAllInteraction.Navigatetion" name="Navigater" time="7.892"/>
  <system-out/>
</testsuite> <!-- PrcticeAllInteraction.Navigatetion -->
