<?xml version="1.0" encoding="UTF-8"?>
<!-- Generated by org.testng.reporters.JUnitReportReporter -->
<testsuite hostname="DESKTOP-K0ONJ7J" failures="0" tests="1" name="Alerts" time="6.846" errors="0" timestamp="2024-11-12T18:25:51 IST" skipped="0">
  <testcase classname="Alerts" name="waits" time="6.846"/>
  <system-out/>
</testsuite> <!-- Alerts -->
