<?xml version="1.0" encoding="UTF-8"?>
<!-- Generated by org.testng.reporters.JUnitReportReporter -->
<testsuite hostname="DESKTOP-K0ONJ7J" failures="0" tests="2" name="TestNGTrails.Firsttestngfile" time="2.394" errors="0" timestamp="2024-10-20T20:27:37 IST" skipped="0">
  <testcase classname="TestNGTrails.Firsttestngfile" name="register" time="1.192"/>
  <system-out/>
  <testcase classname="TestNGTrails.Firsttestngfile" name="support" time="1.202"/>
  <system-out/>
</testsuite> <!-- TestNGTrails.Firsttestngfile -->
