<?xml version="1.0" encoding="UTF-8"?>
<!-- Generated by org.testng.reporters.JUnitReportReporter -->
<testsuite hostname="DESKTOP-K0ONJ7J" failures="0" tests="1" name="Tables" time="7.850" errors="0" timestamp="2024-10-19T13:28:37 IST" skipped="0">
  <testcase classname="Tables" name="DynamicTable" time="7.850"/>
</testsuite> <!-- Tables -->
