<?xml version="1.0" encoding="UTF-8"?>
<!-- Generated by org.testng.reporters.JUnitReportReporter -->
<testsuite hostname="DESKTOP-K0ONJ7J" failures="0" tests="1" name="MouseKeyboardActions" time="18.782" errors="0" timestamp="2024-10-19T21:10:39 IST" skipped="0">
  <testcase classname="MouseKeyboardActions" name="MouseKeywordActions" time="18.782"/>
</testsuite> <!-- MouseKeyboardActions -->
