<?xml version="1.0" encoding="UTF-8"?>
<!-- Generated by org.testng.reporters.JUnitReportReporter -->
<testsuite hostname="DESKTOP-K0ONJ7J" failures="0" tests="1" name="PrcticeAllInteraction.Dropdown" time="8.370" errors="0" timestamp="2024-12-03T16:37:12 IST" skipped="0">
  <testcase classname="PrcticeAllInteraction.Dropdown" name="Navigater" time="8.370"/>
  <system-out/>
</testsuite> <!-- PrcticeAllInteraction.Dropdown -->
