<?xml version="1.0" encoding="UTF-8"?>
<!-- Generated by org.testng.reporters.JUnitReportReporter -->
<testsuite hostname="DESKTOP-K0ONJ7J" failures="0" tests="1" name="PrcticeAllInteraction.TakeScreenShot" time="10.714" errors="0" timestamp="2024-12-05T12:41:12 IST" skipped="0">
  <testcase classname="PrcticeAllInteraction.TakeScreenShot" name="KeyboardAction" time="10.714"/>
  <system-out/>
</testsuite> <!-- PrcticeAllInteraction.TakeScreenShot -->
