<?xml version="1.0" encoding="UTF-8"?>
<!-- Generated by org.testng.reporters.JUnitReportReporter -->
<testsuite hostname="DESKTOP-K0ONJ7J" failures="0" tests="1" name="PrcticeAllInteraction.Navigatetion" time="20.262" errors="0" timestamp="2024-12-03T15:38:56 IST" skipped="0">
  <testcase classname="PrcticeAllInteraction.Navigatetion" name="Navigater" time="20.262"/>
  <system-out/>
</testsuite> <!-- PrcticeAllInteraction.Navigatetion -->
