<?xml version="1.0" encoding="UTF-8"?>
<!-- Generated by org.testng.reporters.JUnitReportReporter -->
<testsuite hostname="DESKTOP-K0ONJ7J" failures="0" tests="1" name="SeleniumInteractions.HeadlessBrowser" time="11.410" errors="0" timestamp="2025-01-01T20:13:49 IST" skipped="0">
  <testcase classname="SeleniumInteractions.HeadlessBrowser" name="Scrolling_Page" time="11.410"/>
  <system-out/>
</testsuite> <!-- SeleniumInteractions.HeadlessBrowser -->
