<?xml version="1.0" encoding="UTF-8"?>
<!-- Generated by org.testng.reporters.JUnitReportReporter -->
<testsuite hostname="DESKTOP-K0ONJ7J" failures="0" tests="1" name="ScreenShot" time="7.488" errors="0" timestamp="2024-10-20T18:31:37 IST" skipped="0">
  <testcase classname="ScreenShot" name="KeyboardAction" time="7.488"/>
</testsuite> <!-- ScreenShot -->
