<?xml version="1.0" encoding="UTF-8"?>
<!-- Generated by org.testng.reporters.JUnitReportReporter -->
<testsuite hostname="DESKTOP-K0ONJ7J" failures="0" tests="1" name="HeadlessBrowser" time="9.473" errors="0" timestamp="2024-10-20T16:32:48 IST" skipped="0">
  <testcase classname="HeadlessBrowser" name="Scrolling_Page" time="9.473"/>
</testsuite> <!-- HeadlessBrowser -->
