<?xml version="1.0" encoding="UTF-8"?>
<!-- Generated by org.testng.reporters.JUnitReportReporter -->
<testsuite hostname="DESKTOP-K0ONJ7J" failures="0" tests="1" name="JavaSctripExecuter" time="10.507" errors="0" timestamp="2024-10-20T16:00:54 IST" skipped="0">
  <testcase classname="JavaSctripExecuter" name="JavaSctripExecuter" time="10.507"/>
</testsuite> <!-- JavaSctripExecuter -->
