<?xml version="1.0" encoding="UTF-8"?>
<!-- Generated by org.testng.reporters.JUnitReportReporter -->
<testsuite hostname="DESKTOP-K0ONJ7J" failures="0" tests="1" name="Navigation" time="44.185" errors="0" timestamp="2024-10-19T17:11:20 IST" skipped="0">
  <testcase classname="Navigation" name="Windowhandle" time="44.185"/>
</testsuite> <!-- Navigation -->
