<?xml version="1.0" encoding="UTF-8"?>
<!-- Generated by org.testng.reporters.JUnitReportReporter -->
<testsuite hostname="DESKTOP-K0ONJ7J" failures="0" tests="1" name="iFrames" time="20.743" errors="0" timestamp="2024-10-19T15:15:21 IST" skipped="0">
  <testcase classname="iFrames" name="Iframe" time="20.743"/>
</testsuite> <!-- iFrames -->
