<?xml version="1.0" encoding="UTF-8"?>
<!-- Generated by org.testng.reporters.JUnitReportReporter -->
<testsuite hostname="DESKTOP-K0ONJ7J" failures="0" tests="1" name="SeleniumInteractions.Alerts" time="7.886" errors="0" timestamp="2025-01-01T19:54:10 IST" skipped="0">
  <testcase classname="SeleniumInteractions.Alerts" name="waits" time="7.886"/>
  <system-out/>
</testsuite> <!-- SeleniumInteractions.Alerts -->
