<?xml version="1.0" encoding="UTF-8"?>
<!-- Generated by org.testng.reporters.JUnitReportReporter -->
<testsuite hostname="DESKTOP-K0ONJ7J" failures="0" tests="1" name="PrcticeAllInteraction.Iframe" time="18.824" errors="0" timestamp="2025-03-01T18:25:13 IST" skipped="0">
  <testcase classname="PrcticeAllInteraction.Iframe" name="frameSwich" time="18.824"/>
  <system-out/>
</testsuite> <!-- PrcticeAllInteraction.Iframe -->
