<?xml version="1.0" encoding="UTF-8"?>
<!-- Generated by org.testng.reporters.JUnitReportReporter -->
<testsuite hostname="DESKTOP-K0ONJ7J" failures="0" tests="1" name="Dropdown" time="23.650" errors="0" timestamp="2024-10-18T14:09:20 IST" skipped="0">
  <testcase classname="Dropdown" name="dropdown" time="23.650"/>
</testsuite> <!-- Dropdown -->
