<?xml version="1.0" encoding="UTF-8"?>
<!-- Generated by org.testng.reporters.JUnitReportReporter -->
<testsuite hostname="DESKTOP-K0ONJ7J" failures="0" tests="1" name="PrcticeAllInteraction.Navigatetion" time="7.095" errors="0" timestamp="2024-12-03T19:43:29 IST" skipped="0">
  <testcase classname="PrcticeAllInteraction.Navigatetion" name="Navigater" time="7.095"/>
  <system-out/>
</testsuite> <!-- PrcticeAllInteraction.Navigatetion -->
