<?xml version="1.0" encoding="UTF-8"?>
<!-- Generated by org.testng.reporters.JUnitReportReporter -->
<testsuite hostname="DESKTOP-K0ONJ7J" failures="0" tests="1" name="SeleniumInteractions.Dropdown" time="21.349" errors="0" timestamp="2025-01-01T20:09:42 IST" skipped="0">
  <testcase classname="SeleniumInteractions.Dropdown" name="dropdown" time="21.349"/>
  <system-out/>
</testsuite> <!-- SeleniumInteractions.Dropdown -->
