<?xml version="1.0" encoding="UTF-8"?>
<!-- Generated by org.testng.reporters.JUnitReportReporter -->
<testsuite hostname="DESKTOP-K0ONJ7J" failures="0" tests="1" name="Scrollingpage" time="11.275" errors="0" timestamp="2024-10-20T16:15:36 IST" skipped="0">
  <testcase classname="Scrollingpage" name="Scrolling_Page" time="11.275"/>
</testsuite> <!-- Scrollingpage -->
