<?xml version="1.0" encoding="UTF-8"?>
<!-- Generated by org.testng.reporters.JUnitReportReporter -->
<testsuite hostname="DESKTOP-K0ONJ7J" failures="0" tests="6" name="TestNGPractice.BaseClass" time="13.879" errors="0" timestamp="2025-01-06T15:14:52 IST" skipped="4">
  <testcase classname="TestNGPractice.BaseClass" name="login" time="6.945"/>
  <system-out/>
  <testcase classname="TestNGPractice.BaseClass" name="login" time="6.934"/>
  <system-out/>
  <testcase classname="TestNGPractice.BaseClass" name="Fail">
    <skipped/>
  </testcase> <!-- Fail -->
  <system-out/>
  <testcase classname="TestNGPractice.BaseClass" name="Fail">
    <skipped/>
  </testcase> <!-- Fail -->
  <system-out/>
  <testcase classname="TestNGPractice.BaseClass" name="Validate_Navigation_HomeScreen">
    <skipped/>
  </testcase> <!-- Validate_Navigation_HomeScreen -->
  <system-out/>
  <testcase classname="TestNGPractice.BaseClass" name="Validate_Navigation_HomeScreen">
    <skipped/>
  </testcase> <!-- Validate_Navigation_HomeScreen -->
  <system-out/>
</testsuite> <!-- TestNGPractice.BaseClass -->
