<?xml version="1.0" encoding="UTF-8"?>
<!-- Generated by org.testng.reporters.JUnitReportReporter -->
<testsuite hostname="DESKTOP-K0ONJ7J" failures="0" tests="3" name="TestNGTrails.DemoDataprovider" time="28.347" errors="0" timestamp="2024-10-24T18:02:20 IST" skipped="0">
  <testcase classname="TestNGTrails.DemoDataprovider" name="login" time="9.340"/>
  <system-out/>
  <testcase classname="TestNGTrails.DemoDataprovider" name="login" time="9.609"/>
  <system-out/>
  <testcase classname="TestNGTrails.DemoDataprovider" name="login" time="9.398"/>
  <system-out/>
</testsuite> <!-- TestNGTrails.DemoDataprovider -->
