<?xml version="1.0" encoding="UTF-8"?>
<!-- Generated by org.testng.reporters.JUnitReportReporter -->
<testsuite hostname="DESKTOP-K0ONJ7J" failures="0" tests="1" name="PrcticeAllInteraction.mouseAction" time="14.304" errors="0" timestamp="2024-12-03T20:08:04 IST" skipped="0">
  <testcase classname="PrcticeAllInteraction.mouseAction" name="MouseActions" time="14.304"/>
  <system-out/>
</testsuite> <!-- PrcticeAllInteraction.mouseAction -->
