<?xml version="1.0" encoding="UTF-8"?>
<!-- Generated by org.testng.reporters.JUnitReportReporter -->
<testsuite hostname="DESKTOP-K0ONJ7J" failures="0" tests="1" name="SeleniumInteractions.Alerts" time="7.345" errors="0" timestamp="2024-11-27T21:05:50 IST" skipped="0">
  <testcase classname="SeleniumInteractions.Alerts" name="waits" time="7.345"/>
  <system-out/>
</testsuite> <!-- SeleniumInteractions.Alerts -->
