<?xml version="1.0" encoding="UTF-8"?>
<!-- Generated by org.testng.reporters.JUnitReportReporter -->
<testsuite hostname="DESKTOP-K0ONJ7J" failures="0" tests="1" name="PrcticeAllInteraction.Iframe" time="19.398" errors="0" timestamp="2024-12-04T10:52:38 IST" skipped="0">
  <testcase classname="PrcticeAllInteraction.Iframe" name="frameSwich" time="19.398"/>
  <system-out/>
</testsuite> <!-- PrcticeAllInteraction.Iframe -->
