<?xml version="1.0" encoding="UTF-8"?>
<!-- Generated by org.testng.reporters.JUnitReportReporter -->
<testsuite hostname="DESKTOP-K0ONJ7J" failures="0" tests="1" name="Waits" time="28.190" errors="0" timestamp="2024-10-17T20:28:07 IST" skipped="0">
  <testcase classname="Waits" name="Interaction_element" time="28.190"/>
</testsuite> <!-- Waits -->
