<?xml version="1.0" encoding="UTF-8"?>
<!-- Generated by org.testng.reporters.JUnitReportReporter -->
<testsuite hostname="DESKTOP-K0ONJ7J" failures="0" tests="1" name="MouseKeyboardActions" time="14.731" errors="0" timestamp="2024-10-19T17:56:47 IST" skipped="0">
  <testcase classname="MouseKeyboardActions" name="MouseKeywordActions" time="14.731"/>
</testsuite> <!-- MouseKeyboardActions -->
