<?xml version="1.0" encoding="UTF-8"?>
<!-- Generated by org.testng.reporters.JUnitReportReporter -->
<testsuite hostname="DESKTOP-K0ONJ7J" failures="0" tests="1" name="Interacting_with_Elements" time="26.577" errors="0" timestamp="2024-10-16T17:02:11 IST" skipped="0">
  <testcase classname="Interacting_with_Elements" name="Interaction_element" time="26.577"/>
</testsuite> <!-- Interacting_with_Elements -->
