<?xml version="1.0" encoding="UTF-8"?>
<!-- Generated by org.testng.reporters.JUnitReportReporter -->
<testsuite hostname="DESKTOP-K0ONJ7J" failures="0" tests="1" name="PrcticeAllInteraction.Alerts" time="14.617" errors="0" timestamp="2024-12-03T17:03:41 IST" skipped="0">
  <testcase classname="PrcticeAllInteraction.Alerts" name="Alerts" time="14.617"/>
  <system-out/>
</testsuite> <!-- PrcticeAllInteraction.Alerts -->
