<?xml version="1.0" encoding="UTF-8"?>
<!-- Generated by org.testng.reporters.JUnitReportReporter -->
<testsuite hostname="DESKTOP-K0ONJ7J" failures="0" tests="1" name="Practicesession2.iframe" time="18.802" errors="0" timestamp="2025-01-06T13:16:34 IST" skipped="0">
  <testcase classname="Practicesession2.iframe" name="frameSwich" time="18.802"/>
  <system-out/>
</testsuite> <!-- Practicesession2.iframe -->
