<?xml version="1.0" encoding="UTF-8"?>
<!-- Generated by org.testng.reporters.JUnitReportReporter -->
<testsuite hostname="DESKTOP-K0ONJ7J" failures="0" tests="1" name="KeyboardAction" time="9.211" errors="0" timestamp="2024-10-19T21:33:09 IST" skipped="0">
  <testcase classname="KeyboardAction" name="KeyboardAction" time="9.211"/>
</testsuite> <!-- KeyboardAction -->
