<?xml version="1.0" encoding="UTF-8"?>
<!-- Generated by org.testng.reporters.JUnitReportReporter -->
<testsuite hostname="DESKTOP-K0ONJ7J" failures="0" tests="1" name="Alerts" time="7.417" errors="0" timestamp="2024-10-17T21:05:45 IST" skipped="0">
  <testcase classname="Alerts" name="waits" time="7.417"/>
</testsuite> <!-- Alerts -->
